INFO:     Will watch for changes in these directories: ['/Users/victoriangannguyen/Downloads/vic_coding/SynthLab']
INFO:     Uvicorn running on http://127.0.0.1:8000 (Press CTRL+C to quit)
INFO:     Started reloader process [20191] using StatReload
INFO:     Started server process [20194]
INFO:     Waiting for application startup.
INFO:     Application startup complete.
INFO:     127.0.0.1:50517 - "GET / HTTP/1.1" 200 OK
INFO:     127.0.0.1:50620 - "POST /auth/login HTTP/1.1" 200 OK
INFO:     127.0.0.1:50622 - "GET /auth/me HTTP/1.1" 200 OK
INFO:     127.0.0.1:50658 - "GET /auth/me HTTP/1.1" 200 OK
INFO:     127.0.0.1:50663 - "GET /auth/me HTTP/1.1" 200 OK
INFO:     127.0.0.1:50666 - "GET /auth/me HTTP/1.1" 200 OK
INFO:     127.0.0.1:50774 - "GET /auth/me HTTP/1.1" 200 OK
INFO:     127.0.0.1:50777 - "GET /auth/me HTTP/1.1" 200 OK
INFO:     127.0.0.1:50780 - "GET /auth/me HTTP/1.1" 200 OK
INFO:     127.0.0.1:50783 - "GET /auth/me HTTP/1.1" 200 OK
INFO:     127.0.0.1:51421 - "POST /auth/login HTTP/1.1" 200 OK
WARNING:  StatReload detected changes in 'app_theme.py'. Reloading...
INFO:     Shutting down
INFO:     Waiting for application shutdown.
INFO:     Application shutdown complete.
INFO:     Finished server process [20194]
INFO:     Started server process [21677]
INFO:     Waiting for application startup.
INFO:     Application startup complete.
WARNING:  StatReload detected changes in 'app_theme.py'. Reloading...
INFO:     Shutting down
INFO:     Waiting for application shutdown.
INFO:     Application shutdown complete.
INFO:     Finished server process [21677]
INFO:     Started server process [22022]
INFO:     Waiting for application startup.
INFO:     Application startup complete.
WARNING:  StatReload detected changes in 'app_theme.py'. Reloading...
INFO:     Shutting down
INFO:     Waiting for application shutdown.
INFO:     Application shutdown complete.
INFO:     Finished server process [22022]
INFO:     Started server process [22053]
INFO:     Waiting for application startup.
INFO:     Application startup complete.
WARNING:  StatReload detected changes in 'app_theme.py'. Reloading...
INFO:     Shutting down
INFO:     Waiting for application shutdown.
INFO:     Application shutdown complete.
INFO:     Finished server process [22053]
INFO:     Started server process [22072]
INFO:     Waiting for application startup.
INFO:     Application startup complete.
WARNING:  StatReload detected changes in 'app_theme.py'. Reloading...
INFO:     Shutting down
INFO:     Waiting for application shutdown.
INFO:     Application shutdown complete.
INFO:     Finished server process [22072]
INFO:     Started server process [22090]
INFO:     Waiting for application startup.
INFO:     Application startup complete.
WARNING:  StatReload detected changes in 'app_theme.py'. Reloading...
INFO:     Shutting down
INFO:     Waiting for application shutdown.
INFO:     Application shutdown complete.
INFO:     Finished server process [22090]
INFO:     Started server process [22106]
INFO:     Waiting for application startup.
INFO:     Application startup complete.
INFO:     127.0.0.1:52482 - "POST /auth/login HTTP/1.1" 200 OK
WARNING:  StatReload detected changes in 'app_theme.py'. Reloading...
INFO:     Shutting down
INFO:     Waiting for application shutdown.
INFO:     Application shutdown complete.
INFO:     Finished server process [22106]
INFO:     Started server process [22813]
INFO:     Waiting for application startup.
INFO:     Application startup complete.
WARNING:  StatReload detected changes in 'app_theme.py'. Reloading...
INFO:     Shutting down
INFO:     Waiting for application shutdown.
INFO:     Application shutdown complete.
INFO:     Finished server process [22813]
INFO:     Started server process [22829]
INFO:     Waiting for application startup.
INFO:     Application startup complete.
WARNING:  StatReload detected changes in 'app_theme.py'. Reloading...
INFO:     Shutting down
INFO:     Waiting for application shutdown.
INFO:     Application shutdown complete.
INFO:     Finished server process [22829]
INFO:     Started server process [22844]
INFO:     Waiting for application startup.
INFO:     Application startup complete.
WARNING:  StatReload detected changes in 'app_theme.py'. Reloading...
INFO:     Shutting down
INFO:     Waiting for application shutdown.
INFO:     Application shutdown complete.
INFO:     Finished server process [22844]
INFO:     Started server process [22859]
INFO:     Waiting for application startup.
INFO:     Application startup complete.
WARNING:  StatReload detected changes in 'app_theme.py'. Reloading...
INFO:     Shutting down
INFO:     Waiting for application shutdown.
INFO:     Application shutdown complete.
INFO:     Finished server process [22859]
INFO:     Started server process [22874]
INFO:     Waiting for application startup.
INFO:     Application startup complete.
WARNING:  StatReload detected changes in 'app_theme.py'. Reloading...
INFO:     Shutting down
INFO:     Waiting for application shutdown.
INFO:     Application shutdown complete.
INFO:     Finished server process [22874]
INFO:     Started server process [22929]
INFO:     Waiting for application startup.
INFO:     Application startup complete.
WARNING:  StatReload detected changes in 'app_theme.py'. Reloading...
INFO:     Shutting down
INFO:     Waiting for application shutdown.
INFO:     Application shutdown complete.
INFO:     Finished server process [22929]
INFO:     Started server process [22936]
INFO:     Waiting for application startup.
INFO:     Application startup complete.
WARNING:  StatReload detected changes in 'app_theme.py'. Reloading...
INFO:     Shutting down
INFO:     Waiting for application shutdown.
INFO:     Application shutdown complete.
INFO:     Finished server process [22936]
INFO:     Started server process [22960]
INFO:     Waiting for application startup.
INFO:     Application startup complete.
WARNING:  StatReload detected changes in 'app_theme.py'. Reloading...
INFO:     Shutting down
INFO:     Waiting for application shutdown.
INFO:     Application shutdown complete.
INFO:     Finished server process [22960]
INFO:     Started server process [22967]
INFO:     Waiting for application startup.
INFO:     Application startup complete.
WARNING:  StatReload detected changes in 'app_theme.py'. Reloading...
INFO:     Shutting down
INFO:     Waiting for application shutdown.
INFO:     Application shutdown complete.
INFO:     Finished server process [22967]
INFO:     Started server process [22987]
INFO:     Waiting for application startup.
INFO:     Application startup complete.
WARNING:  StatReload detected changes in 'app_theme.py'. Reloading...
INFO:     Shutting down
INFO:     Waiting for application shutdown.
INFO:     Application shutdown complete.
INFO:     Finished server process [22987]
INFO:     Started server process [23011]
INFO:     Waiting for application startup.
INFO:     Application startup complete.
WARNING:  StatReload detected changes in 'app_theme.py'. Reloading...
INFO:     Shutting down
INFO:     Waiting for application shutdown.
INFO:     Application shutdown complete.
INFO:     Finished server process [23011]
INFO:     Started server process [23056]
INFO:     Waiting for application startup.
INFO:     Application startup complete.
